<?xml version="1.0" encoding="UTF-8"?>
<!-- Generated by org.testng.reporters.JUnitReportReporter -->
<testsuite hostname="LTIN383443" failures="0" tests="1" name="PageObjectModel1.POMobjects" time="7.742" errors="0" timestamp="2022-11-12T20:39:04 IST" skipped="0">
  <testcase classname="PageObjectModel1.POMobjects" name="opengoogle" time="7.742"/>
  <system-out/>
</testsuite> <!-- PageObjectModel1.POMobjects -->
