<?xml version="1.0" encoding="UTF-8"?>
<!-- Generated by org.testng.reporters.JUnitReportReporter -->
<testsuite hostname="LTIN383443" failures="0" tests="2" name="TestNGProject.NewTestNGProject" time="11.116" errors="0" timestamp="2022-11-10T13:39:26 IST" skipped="0">
  <testcase classname="TestNGProject.NewTestNGProject" name="gh" time="5.927"/>
  <system-out/>
  <testcase classname="TestNGProject.NewTestNGProject" name="f" time="5.189"/>
  <system-out/>
</testsuite> <!-- TestNGProject.NewTestNGProject -->
