<?xml version="1.0" encoding="UTF-8"?>
<!-- Generated by org.testng.reporters.JUnitReportReporter -->
<testsuite hostname="LTIN383443" failures="0" tests="1" name="TestNGProject.SecondTestNGProj" time="13.789" errors="0" timestamp="2022-11-10T16:46:14 IST" skipped="0">
  <testcase classname="TestNGProject.SecondTestNGProj" name="f" time="13.789"/>
  <system-out/>
</testsuite> <!-- TestNGProject.SecondTestNGProj -->
